Copyright 1986-2018 Xilinx, Inc. All Rights Reserved.
-------------------------------------------------------------------------------------------
| Tool Version : Vivado v.2018.1 (win64) Build 2188600 Wed Apr  4 18:40:38 MDT 2018
| Date         : Sun Jun  8 20:25:21 2025
| Host         : NB459408 running 64-bit major release  (build 9200)
| Command      : report_control_sets -verbose -file System_wrapper_control_sets_placed.rpt
| Design       : System_wrapper
| Device       : xc7z010
-------------------------------------------------------------------------------------------

Control Set Information

Table of Contents
-----------------
1. Summary
2. Histogram
3. Flip-Flop Distribution
4. Detailed Control Set Information

1. Summary
----------

+----------------------------------------------------------+-------+
|                          Status                          | Count |
+----------------------------------------------------------+-------+
| Number of unique control sets                            |    60 |
| Unused register locations in slices containing registers |   125 |
+----------------------------------------------------------+-------+


2. Histogram
------------

+--------+--------------+
| Fanout | Control Sets |
+--------+--------------+
|      2 |            1 |
|      4 |           12 |
|      5 |            2 |
|      6 |            1 |
|      8 |           17 |
|      9 |            1 |
|     12 |            4 |
|     13 |            2 |
|     14 |            2 |
|    16+ |           18 |
+--------+--------------+


3. Flip-Flop Distribution
-------------------------

+--------------+-----------------------+------------------------+-----------------+--------------+
| Clock Enable | Synchronous Set/Reset | Asynchronous Set/Reset | Total Registers | Total Slices |
+--------------+-----------------------+------------------------+-----------------+--------------+
| No           | No                    | No                     |             167 |           54 |
| No           | No                    | Yes                    |               0 |            0 |
| No           | Yes                   | No                     |             147 |           48 |
| Yes          | No                    | No                     |             471 |          108 |
| Yes          | No                    | Yes                    |               0 |            0 |
| Yes          | Yes                   | No                     |             226 |           50 |
+--------------+-----------------------+------------------------+-----------------+--------------+


4. Detailed Control Set Information
-----------------------------------

+-----------------------------------------------+--------------------------------------------------------------------------------------------------------------------------------------------------------------+------------------------------------------------------------------------------------------------------------------------------------------+------------------+----------------+
|                  Clock Signal                 |                                                                         Enable Signal                                                                        |                                                             Set/Reset Signal                                                             | Slice Load Count | Bel Load Count |
+-----------------------------------------------+--------------------------------------------------------------------------------------------------------------------------------------------------------------+------------------------------------------------------------------------------------------------------------------------------------------+------------------+----------------+
|  System_i/processing_system7_0/inst/FCLK_CLK0 | System_i/ps7_0_axi_periph/s00_couplers/auto_pc/inst/gen_axilite.gen_b2s_conv.axilite_b2s/WR.b_channel_0/bid_fifo_0/bresp_push                                |                                                                                                                                          |                1 |              2 |
|  System_i/processing_system7_0/inst/FCLK_CLK0 |                                                                                                                                                              | System_i/buttons/U0/AXI_LITE_IPIF_I/I_SLAVE_ATTACHMENT/I_DECODER/Not_Dual.ALLIN1_ND.READ_REG_GEN[0].reg1_reg[28]                         |                1 |              4 |
|  System_i/processing_system7_0/inst/FCLK_CLK0 |                                                                                                                                                              | System_i/buttons/U0/AXI_LITE_IPIF_I/I_SLAVE_ATTACHMENT/clear                                                                             |                1 |              4 |
|  System_i/processing_system7_0/inst/FCLK_CLK0 | System_i/switches/U0/AXI_LITE_IPIF_I/I_SLAVE_ATTACHMENT/start2                                                                                               | System_i/switches/U0/AXI_LITE_IPIF_I/I_SLAVE_ATTACHMENT/I_DECODER/cs_ce_clr                                                              |                1 |              4 |
|  System_i/processing_system7_0/inst/FCLK_CLK0 | System_i/ps7_0_axi_periph/s00_couplers/auto_pc/inst/gen_axilite.gen_b2s_conv.axilite_b2s/RD.ar_channel_0/ar_cmd_fsm_0/E[0]                                   | System_i/ps7_0_axi_periph/s00_couplers/auto_pc/inst/gen_axilite.gen_b2s_conv.axilite_b2s/RD.ar_channel_0/ar_cmd_fsm_0/axlen_cnt_reg[7]   |                1 |              4 |
|  System_i/processing_system7_0/inst/FCLK_CLK0 | System_i/switches/U0/AXI_LITE_IPIF_I/I_SLAVE_ATTACHMENT/bus2ip_addr_i[8]_i_1_n_0                                                                             | System_i/switches/U0/AXI_LITE_IPIF_I/I_SLAVE_ATTACHMENT/SR[0]                                                                            |                2 |              4 |
|  System_i/processing_system7_0/inst/FCLK_CLK0 |                                                                                                                                                              | System_i/switches/U0/AXI_LITE_IPIF_I/I_SLAVE_ATTACHMENT/clear                                                                            |                1 |              4 |
|  System_i/processing_system7_0/inst/FCLK_CLK0 | System_i/ps7_0_axi_periph/s00_couplers/auto_pc/inst/gen_axilite.gen_b2s_conv.axilite_b2s/WR.aw_channel_0/aw_cmd_fsm_0/axaddr_wrap_reg[11][0]                 | System_i/ps7_0_axi_periph/s00_couplers/auto_pc/inst/gen_axilite.gen_b2s_conv.axilite_b2s/WR.aw_channel_0/aw_cmd_fsm_0/axlen_cnt_reg[7]_1 |                2 |              4 |
|  System_i/processing_system7_0/inst/FCLK_CLK0 |                                                                                                                                                              | System_i/ps7_0_axi_periph/s00_couplers/auto_pc/inst/gen_axilite.gen_b2s_conv.axilite_b2s/SI_REG/aw.aw_pipe/s_ready_i_reg_0               |                3 |              4 |
|  System_i/processing_system7_0/inst/FCLK_CLK0 |                                                                                                                                                              | System_i/ps7_0_axi_periph/s00_couplers/auto_pc/inst/gen_axilite.gen_b2s_conv.axilite_b2s/SI_REG/ar.ar_pipe/m_valid_i_reg_0               |                4 |              4 |
|  System_i/processing_system7_0/inst/FCLK_CLK0 | System_i/buttons/U0/AXI_LITE_IPIF_I/I_SLAVE_ATTACHMENT/bus2ip_addr_i[8]_i_1_n_0                                                                              | System_i/buttons/U0/AXI_LITE_IPIF_I/I_SLAVE_ATTACHMENT/SR[0]                                                                             |                1 |              4 |
|  System_i/processing_system7_0/inst/FCLK_CLK0 | System_i/buttons/U0/AXI_LITE_IPIF_I/I_SLAVE_ATTACHMENT/I_DECODER/Not_Dual.gpio_OE_reg[0][0]                                                                  | System_i/buttons/U0/AXI_LITE_IPIF_I/I_SLAVE_ATTACHMENT/SR[0]                                                                             |                1 |              4 |
|  System_i/processing_system7_0/inst/FCLK_CLK0 | System_i/buttons/U0/AXI_LITE_IPIF_I/I_SLAVE_ATTACHMENT/start2                                                                                                | System_i/buttons/U0/AXI_LITE_IPIF_I/I_SLAVE_ATTACHMENT/I_DECODER/cs_ce_clr                                                               |                1 |              4 |
|  System_i/processing_system7_0/inst/FCLK_CLK0 | System_i/buttons/U0/AXI_LITE_IPIF_I/I_SLAVE_ATTACHMENT/s_axi_rresp_i                                                                                         | System_i/buttons/U0/AXI_LITE_IPIF_I/I_SLAVE_ATTACHMENT/SR[0]                                                                             |                1 |              5 |
|  System_i/processing_system7_0/inst/FCLK_CLK0 |                                                                                                                                                              | System_i/rst_ps7_0_100M/U0/EXT_LPF/lpf_int                                                                                               |                2 |              5 |
|  System_i/processing_system7_0/inst/FCLK_CLK0 | System_i/rst_ps7_0_100M/U0/SEQ/seq_cnt_en                                                                                                                    | System_i/rst_ps7_0_100M/U0/SEQ/SEQ_COUNTER/clear                                                                                         |                1 |              6 |
|  System_i/processing_system7_0/inst/FCLK_CLK0 | System_i/led_ip_0/U0/led_ip_v1_0_S00_AXI_inst/slv_reg1[31]_i_1_n_0                                                                                           | System_i/led_ip_0/U0/led_ip_v1_0_S00_AXI_inst/axi_awready_i_1_n_0                                                                        |                1 |              8 |
|  System_i/processing_system7_0/inst/FCLK_CLK0 | System_i/led_ip_0/U0/led_ip_v1_0_S00_AXI_inst/slv_reg1[15]_i_1_n_0                                                                                           | System_i/led_ip_0/U0/led_ip_v1_0_S00_AXI_inst/axi_awready_i_1_n_0                                                                        |                1 |              8 |
|  System_i/processing_system7_0/inst/FCLK_CLK0 | System_i/led_ip_0/U0/led_ip_v1_0_S00_AXI_inst/slv_reg2[23]_i_1_n_0                                                                                           | System_i/led_ip_0/U0/led_ip_v1_0_S00_AXI_inst/axi_awready_i_1_n_0                                                                        |                1 |              8 |
|  System_i/processing_system7_0/inst/FCLK_CLK0 | System_i/led_ip_0/U0/led_ip_v1_0_S00_AXI_inst/slv_reg2[31]_i_1_n_0                                                                                           | System_i/led_ip_0/U0/led_ip_v1_0_S00_AXI_inst/axi_awready_i_1_n_0                                                                        |                1 |              8 |
|  System_i/processing_system7_0/inst/FCLK_CLK0 | System_i/led_ip_0/U0/led_ip_v1_0_S00_AXI_inst/slv_reg0[31]_i_1_n_0                                                                                           | System_i/led_ip_0/U0/led_ip_v1_0_S00_AXI_inst/axi_awready_i_1_n_0                                                                        |                3 |              8 |
|  System_i/processing_system7_0/inst/FCLK_CLK0 | System_i/led_ip_0/U0/led_ip_v1_0_S00_AXI_inst/slv_reg2[7]_i_1_n_0                                                                                            | System_i/led_ip_0/U0/led_ip_v1_0_S00_AXI_inst/axi_awready_i_1_n_0                                                                        |                1 |              8 |
|  System_i/processing_system7_0/inst/FCLK_CLK0 | System_i/led_ip_0/U0/led_ip_v1_0_S00_AXI_inst/slv_reg0[7]_i_1_n_0                                                                                            | System_i/led_ip_0/U0/led_ip_v1_0_S00_AXI_inst/axi_awready_i_1_n_0                                                                        |                1 |              8 |
|  System_i/processing_system7_0/inst/FCLK_CLK0 | System_i/led_ip_0/U0/led_ip_v1_0_S00_AXI_inst/slv_reg2[15]_i_1_n_0                                                                                           | System_i/led_ip_0/U0/led_ip_v1_0_S00_AXI_inst/axi_awready_i_1_n_0                                                                        |                1 |              8 |
|  System_i/processing_system7_0/inst/FCLK_CLK0 | System_i/led_ip_0/U0/led_ip_v1_0_S00_AXI_inst/slv_reg0[15]_i_1_n_0                                                                                           | System_i/led_ip_0/U0/led_ip_v1_0_S00_AXI_inst/axi_awready_i_1_n_0                                                                        |                1 |              8 |
|  System_i/processing_system7_0/inst/FCLK_CLK0 | System_i/led_ip_0/U0/led_ip_v1_0_S00_AXI_inst/p_1_in[7]                                                                                                      | System_i/led_ip_0/U0/led_ip_v1_0_S00_AXI_inst/axi_awready_i_1_n_0                                                                        |                1 |              8 |
|  System_i/processing_system7_0/inst/FCLK_CLK0 | System_i/led_ip_0/U0/led_ip_v1_0_S00_AXI_inst/p_1_in[23]                                                                                                     | System_i/led_ip_0/U0/led_ip_v1_0_S00_AXI_inst/axi_awready_i_1_n_0                                                                        |                1 |              8 |
|  System_i/processing_system7_0/inst/FCLK_CLK0 | System_i/led_ip_0/U0/led_ip_v1_0_S00_AXI_inst/slv_reg0[23]_i_1_n_0                                                                                           | System_i/led_ip_0/U0/led_ip_v1_0_S00_AXI_inst/axi_awready_i_1_n_0                                                                        |                1 |              8 |
|  System_i/processing_system7_0/inst/FCLK_CLK0 | System_i/ps7_0_axi_periph/s00_couplers/auto_pc/inst/gen_axilite.gen_b2s_conv.axilite_b2s/WR.b_channel_0/mhandshake_r                                         | System_i/ps7_0_axi_periph/s00_couplers/auto_pc/inst/gen_axilite.gen_b2s_conv.axilite_b2s/WR.b_channel_0/bid_fifo_0/SR[0]                 |                3 |              8 |
|  System_i/processing_system7_0/inst/FCLK_CLK0 | System_i/led_ip_0/U0/led_ip_v1_0_S00_AXI_inst/p_1_in[31]                                                                                                     | System_i/led_ip_0/U0/led_ip_v1_0_S00_AXI_inst/axi_awready_i_1_n_0                                                                        |                1 |              8 |
|  System_i/processing_system7_0/inst/FCLK_CLK0 | System_i/led_ip_0/U0/led_ip_v1_0_S00_AXI_inst/p_1_in[15]                                                                                                     | System_i/led_ip_0/U0/led_ip_v1_0_S00_AXI_inst/axi_awready_i_1_n_0                                                                        |                1 |              8 |
|  System_i/processing_system7_0/inst/FCLK_CLK0 | System_i/led_ip_0/U0/led_ip_v1_0_S00_AXI_inst/slv_reg1[23]_i_1_n_0                                                                                           | System_i/led_ip_0/U0/led_ip_v1_0_S00_AXI_inst/axi_awready_i_1_n_0                                                                        |                2 |              8 |
|  System_i/processing_system7_0/inst/FCLK_CLK0 | System_i/led_ip_0/U0/led_ip_v1_0_S00_AXI_inst/slv_reg1[7]_i_1_n_0                                                                                            | System_i/led_ip_0/U0/led_ip_v1_0_S00_AXI_inst/axi_awready_i_1_n_0                                                                        |                1 |              8 |
|  System_i/processing_system7_0/inst/FCLK_CLK0 |                                                                                                                                                              | System_i/led_ip_0/U0/led_ip_v1_0_S00_AXI_inst/axi_awready_i_1_n_0                                                                        |                3 |              9 |
|  System_i/processing_system7_0/inst/FCLK_CLK0 | System_i/ps7_0_axi_periph/s00_couplers/auto_pc/inst/gen_axilite.gen_b2s_conv.axilite_b2s/RD.ar_channel_0/ar_cmd_fsm_0/axaddr_incr_reg[0][0]                  |                                                                                                                                          |                3 |             12 |
|  System_i/processing_system7_0/inst/FCLK_CLK0 | System_i/ps7_0_axi_periph/s00_couplers/auto_pc/inst/gen_axilite.gen_b2s_conv.axilite_b2s/RD.ar_channel_0/ar_cmd_fsm_0/wrap_boundary_axaddr_r_reg[11][0]      |                                                                                                                                          |                6 |             12 |
|  System_i/processing_system7_0/inst/FCLK_CLK0 | System_i/ps7_0_axi_periph/s00_couplers/auto_pc/inst/gen_axilite.gen_b2s_conv.axilite_b2s/WR.aw_channel_0/cmd_translator_0/incr_cmd_0/axaddr_incr[11]_i_1_n_0 |                                                                                                                                          |                2 |             12 |
|  System_i/processing_system7_0/inst/FCLK_CLK0 | System_i/ps7_0_axi_periph/s00_couplers/auto_pc/inst/gen_axilite.gen_b2s_conv.axilite_b2s/WR.aw_channel_0/aw_cmd_fsm_0/E[0]                                   |                                                                                                                                          |                4 |             12 |
|  System_i/processing_system7_0/inst/FCLK_CLK0 |                                                                                                                                                              | System_i/ps7_0_axi_periph/xbar/inst/gen_sasd.crossbar_sasd_0/addr_arbiter_inst/SR[0]                                                     |                5 |             13 |
|  System_i/processing_system7_0/inst/FCLK_CLK0 | System_i/ps7_0_axi_periph/s00_couplers/auto_pc/inst/gen_axilite.gen_b2s_conv.axilite_b2s/RD.r_channel_0/r_push_r                                             |                                                                                                                                          |                4 |             13 |
|  System_i/processing_system7_0/inst/FCLK_CLK0 | System_i/ps7_0_axi_periph/s00_couplers/auto_pc/inst/gen_axilite.gen_b2s_conv.axilite_b2s/SI_REG/b.b_pipe/p_1_in                                              |                                                                                                                                          |                3 |             14 |
|  System_i/processing_system7_0/inst/FCLK_CLK0 | System_i/ps7_0_axi_periph/s00_couplers/auto_pc/inst/gen_axilite.gen_b2s_conv.axilite_b2s/SI_REG/b.b_pipe/skid_buffer_reg[0]_0                                |                                                                                                                                          |                3 |             14 |
|  System_i/processing_system7_0/inst/FCLK_CLK0 | System_i/ps7_0_axi_periph/s00_couplers/auto_pc/inst/gen_axilite.gen_b2s_conv.axilite_b2s/WR.aw_channel_0/aw_cmd_fsm_0/b_push                                 |                                                                                                                                          |                3 |             16 |
|  System_i/processing_system7_0/inst/FCLK_CLK0 | System_i/ps7_0_axi_periph/xbar/inst/gen_sasd.crossbar_sasd_0/addr_arbiter_inst/p_0_in1_in                                                                    | System_i/ps7_0_axi_periph/xbar/inst/gen_sasd.crossbar_sasd_0/addr_arbiter_inst/SR[0]                                                     |                6 |             19 |
|  System_i/processing_system7_0/inst/FCLK_CLK0 |                                                                                                                                                              | System_i/buttons/U0/AXI_LITE_IPIF_I/I_SLAVE_ATTACHMENT/SR[0]                                                                             |                8 |             20 |
|  System_i/processing_system7_0/inst/FCLK_CLK0 |                                                                                                                                                              | System_i/switches/U0/AXI_LITE_IPIF_I/I_SLAVE_ATTACHMENT/SR[0]                                                                            |                7 |             20 |
|  System_i/processing_system7_0/inst/FCLK_CLK0 | System_i/ps7_0_axi_periph/s00_couplers/auto_pc/inst/gen_axilite.gen_b2s_conv.axilite_b2s/RD.ar_channel_0/ar_cmd_fsm_0/E[0]                                   |                                                                                                                                          |                8 |             20 |
|  System_i/processing_system7_0/inst/FCLK_CLK0 | System_i/ps7_0_axi_periph/s00_couplers/auto_pc/inst/gen_axilite.gen_b2s_conv.axilite_b2s/WR.aw_channel_0/aw_cmd_fsm_0/axaddr_wrap_reg[11][0]                 |                                                                                                                                          |                7 |             20 |
|  System_i/processing_system7_0/inst/FCLK_CLK0 | System_i/led_ip_0/U0/led_ip_v1_0_S00_AXI_inst/slv_reg_rden                                                                                                   | System_i/led_ip_0/U0/led_ip_v1_0_S00_AXI_inst/axi_awready_i_1_n_0                                                                        |               11 |             32 |
|  System_i/processing_system7_0/inst/FCLK_CLK0 | System_i/ps7_0_axi_periph/xbar/inst/gen_sasd.crossbar_sasd_0/reg_slice_r/aa_rready                                                                           |                                                                                                                                          |                6 |             34 |
|  System_i/processing_system7_0/inst/FCLK_CLK0 | System_i/ps7_0_axi_periph/s00_couplers/auto_pc/inst/gen_axilite.gen_b2s_conv.axilite_b2s/RD.r_channel_0/rd_data_fifo_0/wr_en0                                |                                                                                                                                          |                9 |             34 |
|  System_i/processing_system7_0/inst/FCLK_CLK0 | System_i/ps7_0_axi_periph/xbar/inst/gen_sasd.crossbar_sasd_0/addr_arbiter_inst/E[0]                                                                          |                                                                                                                                          |                7 |             35 |
|  System_i/processing_system7_0/inst/FCLK_CLK0 | System_i/ps7_0_axi_periph/s00_couplers/auto_pc/inst/gen_axilite.gen_b2s_conv.axilite_b2s/SI_REG/r.r_pipe/skid_buffer_reg[0]_0                                |                                                                                                                                          |               10 |             47 |
|  System_i/processing_system7_0/inst/FCLK_CLK0 | System_i/ps7_0_axi_periph/s00_couplers/auto_pc/inst/gen_axilite.gen_b2s_conv.axilite_b2s/SI_REG/r.r_pipe/p_1_in                                              |                                                                                                                                          |                7 |             47 |
|  System_i/processing_system7_0/inst/FCLK_CLK0 | System_i/ps7_0_axi_periph/s00_couplers/auto_pc/inst/gen_axilite.gen_b2s_conv.axilite_b2s/RD.ar_channel_0/ar_cmd_fsm_0/m_payload_i_reg[0]_1[0]                |                                                                                                                                          |               11 |             48 |
|  System_i/processing_system7_0/inst/FCLK_CLK0 | System_i/ps7_0_axi_periph/s00_couplers/auto_pc/inst/gen_axilite.gen_b2s_conv.axilite_b2s/WR.aw_channel_0/aw_cmd_fsm_0/m_payload_i_reg[0][0]                  |                                                                                                                                          |               10 |             48 |
|  System_i/processing_system7_0/inst/FCLK_CLK0 | System_i/ps7_0_axi_periph/s00_couplers/auto_pc/inst/gen_axilite.gen_b2s_conv.axilite_b2s/SI_REG/aw.aw_pipe/s_axi_awready                                     |                                                                                                                                          |                9 |             48 |
|  System_i/processing_system7_0/inst/FCLK_CLK0 | System_i/ps7_0_axi_periph/s00_couplers/auto_pc/inst/gen_axilite.gen_b2s_conv.axilite_b2s/SI_REG/ar.ar_pipe/s_axi_arready                                     |                                                                                                                                          |               12 |             48 |
|  System_i/processing_system7_0/inst/FCLK_CLK0 |                                                                                                                                                              | System_i/ps7_0_axi_periph/s00_couplers/auto_pc/inst/gen_axilite.gen_b2s_conv.axilite_b2s/areset_d1                                       |               13 |             60 |
|  System_i/processing_system7_0/inst/FCLK_CLK0 |                                                                                                                                                              |                                                                                                                                          |               55 |            168 |
+-----------------------------------------------+--------------------------------------------------------------------------------------------------------------------------------------------------------------+------------------------------------------------------------------------------------------------------------------------------------------+------------------+----------------+


