Copyright 1986-2018 Xilinx, Inc. All Rights Reserved.
------------------------------------------------------------------------------------
| Tool Version : Vivado v.2018.1 (win64) Build 2188600 Wed Apr  4 18:40:38 MDT 2018
| Date         : Sat Jun 14 17:32:12 2025
| Host         : NB459408 running 64-bit major release  (build 9200)
| Command      : upgrade_ip
| Device       : xc7z010clg400-1
------------------------------------------------------------------------------------

Upgrade Log for IP 'design_1_sum_ip_0_0'

1. Summary
----------

SUCCESS in the upgrade of design_1_sum_ip_0_0 (com.ar:user:sum_ip:1.0) from (Rev. 5) to (Rev. 7)






Copyright 1986-2018 Xilinx, Inc. All Rights Reserved.
------------------------------------------------------------------------------------
| Tool Version : Vivado v.2018.1 (win64) Build 2188600 Wed Apr  4 18:40:38 MDT 2018
| Date         : Sat Jun 14 17:10:51 2025
| Host         : NB459408 running 64-bit major release  (build 9200)
| Command      : upgrade_ip
| Device       : xc7z010clg400-1
------------------------------------------------------------------------------------

Upgrade Log for IP 'design_1_sum_ip_0_0'

1. Summary
----------

SUCCESS in the upgrade of design_1_sum_ip_0_0 (com.ar:user:sum_ip:1.0) from (Rev. 4) to (Rev. 5)

