18:31:36 INFO  : Registering command handlers for SDK TCF services
18:31:37 INFO  : Launching XSCT server: xsct.bat -interactive D:\UBA-MIOT\CESE\11_SoftCores\99_Practicos\05_Sumador\Sintesis\Sum_Systems.sdk\temp_xsdb_launch_script.tcl
18:31:41 INFO  : XSCT server has started successfully.
18:31:41 INFO  : Successfully done setting XSCT server connection channel  
18:31:43 INFO  : Successfully done setting SDK workspace  
18:31:43 INFO  : Processing command line option -hwspec D:/UBA-MIOT/CESE/11_SoftCores/99_Practicos/05_Sumador/Sintesis/Sum_Systems.sdk/design_1_wrapper.hdf.
18:37:15 INFO  : Connected to target on host '127.0.0.1' and port '3121'.
18:37:16 INFO  : Jtag cable 'Digilent Arty Z7 003017B7EDF5A' is selected.
18:37:16 INFO  : 'jtag frequency' command is executed.
18:37:16 INFO  : Sourcing of 'D:/UBA-MIOT/CESE/11_SoftCores/99_Practicos/05_Sumador/Sintesis/Sum_Systems.sdk/design_1_wrapper_hw_platform_0/ps7_init.tcl' is done.
18:37:16 INFO  : 'targets -set -filter {jtag_cable_name =~ "Digilent Arty Z7 003017B7EDF5A" && level==0} -index 1' command is executed.
18:37:18 INFO  : FPGA configured successfully with bitstream "D:/UBA-MIOT/CESE/11_SoftCores/99_Practicos/05_Sumador/Sintesis/Sum_Systems.sdk/design_1_wrapper_hw_platform_0/design_1_wrapper.bit"
18:37:18 INFO  : Context for 'APU' is selected.
18:37:18 INFO  : Hardware design information is loaded from 'D:/UBA-MIOT/CESE/11_SoftCores/99_Practicos/05_Sumador/Sintesis/Sum_Systems.sdk/design_1_wrapper_hw_platform_0/system.hdf'.
18:37:18 INFO  : 'configparams force-mem-access 1' command is executed.
18:37:18 INFO  : Context for 'APU' is selected.
18:37:18 INFO  : 'stop' command is executed.
18:37:18 INFO  : 'ps7_init' command is executed.
18:37:19 INFO  : 'ps7_post_config' command is executed.
18:37:19 INFO  : Context for processor 'ps7_cortexa9_0' is selected.
18:37:19 INFO  : Processor reset is completed for 'ps7_cortexa9_0'.
18:37:19 INFO  : Context for processor 'ps7_cortexa9_0' is selected.
18:37:19 INFO  : The application 'D:/UBA-MIOT/CESE/11_SoftCores/99_Practicos/05_Sumador/Sintesis/Sum_Systems.sdk/sum/Debug/sum.elf' is downloaded to processor 'ps7_cortexa9_0'.
18:37:19 INFO  : 'configparams force-mem-access 0' command is executed.
18:37:19 INFO  : ----------------XSDB Script----------------
connect -url tcp:127.0.0.1:3121
source D:/UBA-MIOT/CESE/11_SoftCores/99_Practicos/05_Sumador/Sintesis/Sum_Systems.sdk/design_1_wrapper_hw_platform_0/ps7_init.tcl
targets -set -filter {jtag_cable_name =~ "Digilent Arty Z7 003017B7EDF5A" && level==0} -index 1
fpga -file D:/UBA-MIOT/CESE/11_SoftCores/99_Practicos/05_Sumador/Sintesis/Sum_Systems.sdk/design_1_wrapper_hw_platform_0/design_1_wrapper.bit
targets -set -nocase -filter {name =~"APU*" && jtag_cable_name =~ "Digilent Arty Z7 003017B7EDF5A"} -index 0
loadhw -hw D:/UBA-MIOT/CESE/11_SoftCores/99_Practicos/05_Sumador/Sintesis/Sum_Systems.sdk/design_1_wrapper_hw_platform_0/system.hdf -mem-ranges [list {0x40000000 0xbfffffff}]
configparams force-mem-access 1
targets -set -nocase -filter {name =~"APU*" && jtag_cable_name =~ "Digilent Arty Z7 003017B7EDF5A"} -index 0
stop
ps7_init
ps7_post_config
targets -set -nocase -filter {name =~ "ARM*#0" && jtag_cable_name =~ "Digilent Arty Z7 003017B7EDF5A"} -index 0
rst -processor
targets -set -nocase -filter {name =~ "ARM*#0" && jtag_cable_name =~ "Digilent Arty Z7 003017B7EDF5A"} -index 0
dow D:/UBA-MIOT/CESE/11_SoftCores/99_Practicos/05_Sumador/Sintesis/Sum_Systems.sdk/sum/Debug/sum.elf
configparams force-mem-access 0
----------------End of Script----------------

18:37:19 INFO  : Memory regions updated for context APU
18:37:19 INFO  : Context for processor 'ps7_cortexa9_0' is selected.
18:37:19 INFO  : 'con' command is executed.
18:37:19 INFO  : ----------------XSDB Script (After Launch)----------------
targets -set -nocase -filter {name =~ "ARM*#0" && jtag_cable_name =~ "Digilent Arty Z7 003017B7EDF5A"} -index 0
con
----------------End of Script----------------

18:37:19 INFO  : Launch script is exported to file 'D:\UBA-MIOT\CESE\11_SoftCores\99_Practicos\05_Sumador\Sintesis\Sum_Systems.sdk\.sdk\launch_scripts\xilinx_c-c++_application_(system_debugger)\system_debugger_using_debug_sum.elf_on_local.tcl'
18:38:05 INFO  : Disconnected from the channel tcfchan#1.
18:38:06 INFO  : Connected to target on host '127.0.0.1' and port '3121'.
18:38:06 INFO  : Jtag cable 'Digilent Arty Z7 003017B7EDF5A' is selected.
18:38:06 INFO  : 'jtag frequency' command is executed.
18:38:06 INFO  : Sourcing of 'D:/UBA-MIOT/CESE/11_SoftCores/99_Practicos/05_Sumador/Sintesis/Sum_Systems.sdk/design_1_wrapper_hw_platform_0/ps7_init.tcl' is done.
18:38:06 INFO  : 'targets -set -filter {jtag_cable_name =~ "Digilent Arty Z7 003017B7EDF5A" && level==0} -index 1' command is executed.
18:38:08 INFO  : FPGA configured successfully with bitstream "D:/UBA-MIOT/CESE/11_SoftCores/99_Practicos/05_Sumador/Sintesis/Sum_Systems.sdk/design_1_wrapper_hw_platform_0/design_1_wrapper.bit"
18:38:08 INFO  : Context for 'APU' is selected.
18:38:10 INFO  : Hardware design information is loaded from 'D:/UBA-MIOT/CESE/11_SoftCores/99_Practicos/05_Sumador/Sintesis/Sum_Systems.sdk/design_1_wrapper_hw_platform_0/system.hdf'.
18:38:10 INFO  : 'configparams force-mem-access 1' command is executed.
18:38:10 INFO  : Context for 'APU' is selected.
18:38:10 INFO  : 'stop' command is executed.
18:38:11 INFO  : 'ps7_init' command is executed.
18:38:11 INFO  : 'ps7_post_config' command is executed.
18:38:11 INFO  : Context for processor 'ps7_cortexa9_0' is selected.
18:38:11 INFO  : Processor reset is completed for 'ps7_cortexa9_0'.
18:38:11 INFO  : Context for processor 'ps7_cortexa9_0' is selected.
18:38:11 INFO  : The application 'D:/UBA-MIOT/CESE/11_SoftCores/99_Practicos/05_Sumador/Sintesis/Sum_Systems.sdk/sum/Debug/sum.elf' is downloaded to processor 'ps7_cortexa9_0'.
18:38:11 INFO  : 'configparams force-mem-access 0' command is executed.
18:38:11 INFO  : ----------------XSDB Script----------------
connect -url tcp:127.0.0.1:3121
source D:/UBA-MIOT/CESE/11_SoftCores/99_Practicos/05_Sumador/Sintesis/Sum_Systems.sdk/design_1_wrapper_hw_platform_0/ps7_init.tcl
targets -set -filter {jtag_cable_name =~ "Digilent Arty Z7 003017B7EDF5A" && level==0} -index 1
fpga -file D:/UBA-MIOT/CESE/11_SoftCores/99_Practicos/05_Sumador/Sintesis/Sum_Systems.sdk/design_1_wrapper_hw_platform_0/design_1_wrapper.bit
targets -set -nocase -filter {name =~"APU*" && jtag_cable_name =~ "Digilent Arty Z7 003017B7EDF5A"} -index 0
loadhw -hw D:/UBA-MIOT/CESE/11_SoftCores/99_Practicos/05_Sumador/Sintesis/Sum_Systems.sdk/design_1_wrapper_hw_platform_0/system.hdf -mem-ranges [list {0x40000000 0xbfffffff}]
configparams force-mem-access 1
targets -set -nocase -filter {name =~"APU*" && jtag_cable_name =~ "Digilent Arty Z7 003017B7EDF5A"} -index 0
stop
ps7_init
ps7_post_config
targets -set -nocase -filter {name =~ "ARM*#0" && jtag_cable_name =~ "Digilent Arty Z7 003017B7EDF5A"} -index 0
rst -processor
targets -set -nocase -filter {name =~ "ARM*#0" && jtag_cable_name =~ "Digilent Arty Z7 003017B7EDF5A"} -index 0
dow D:/UBA-MIOT/CESE/11_SoftCores/99_Practicos/05_Sumador/Sintesis/Sum_Systems.sdk/sum/Debug/sum.elf
configparams force-mem-access 0
----------------End of Script----------------

18:38:11 INFO  : Memory regions updated for context APU
18:38:11 INFO  : Context for processor 'ps7_cortexa9_0' is selected.
18:38:11 INFO  : 'con' command is executed.
18:38:11 INFO  : ----------------XSDB Script (After Launch)----------------
targets -set -nocase -filter {name =~ "ARM*#0" && jtag_cable_name =~ "Digilent Arty Z7 003017B7EDF5A"} -index 0
con
----------------End of Script----------------

18:38:11 INFO  : Launch script is exported to file 'D:\UBA-MIOT\CESE\11_SoftCores\99_Practicos\05_Sumador\Sintesis\Sum_Systems.sdk\.sdk\launch_scripts\xilinx_c-c++_application_(system_debugger)\system_debugger_using_debug_sum.elf_on_local.tcl'
18:40:23 INFO  : Disconnected from the channel tcfchan#2.
17:39:26 INFO  : Registering command handlers for SDK TCF services
17:39:26 INFO  : Launching XSCT server: xsct.bat -interactive C:\Xilinx\MyS_workspace\Sumador\Sintesis\Sum_Systems.sdk\temp_xsdb_launch_script.tcl
17:39:30 INFO  : XSCT server has started successfully.
17:39:33 INFO  : Processing command line option -hwspec C:/Xilinx/MyS_workspace/Sumador/Sintesis/Sum_Systems.sdk/design_1_wrapper.hdf.
17:39:33 INFO  : Successfully done setting XSCT server connection channel  
17:39:33 INFO  : Successfully done setting SDK workspace  
17:42:04 INFO  : Connected to target on host '127.0.0.1' and port '3121'.
17:42:05 INFO  : Jtag cable 'Digilent Arty Z7 003017B7EDF5A' is selected.
17:42:05 INFO  : 'jtag frequency' command is executed.
17:42:05 INFO  : Sourcing of 'C:/Xilinx/MyS_workspace/Sumador/Sintesis/Sum_Systems.sdk/design_1_wrapper_hw_platform_0/ps7_init.tcl' is done.
17:42:05 INFO  : 'targets -set -filter {jtag_cable_name =~ "Digilent Arty Z7 003017B7EDF5A" && level==0} -index 1' command is executed.
17:42:06 INFO  : FPGA configured successfully with bitstream "C:/Xilinx/MyS_workspace/Sumador/Sintesis/Sum_Systems.sdk/design_1_wrapper_hw_platform_0/design_1_wrapper.bit"
17:42:06 INFO  : Context for 'APU' is selected.
17:42:06 INFO  : Hardware design information is loaded from 'C:/Xilinx/MyS_workspace/Sumador/Sintesis/Sum_Systems.sdk/design_1_wrapper_hw_platform_0/system.hdf'.
17:42:06 INFO  : 'configparams force-mem-access 1' command is executed.
17:42:07 INFO  : Context for 'APU' is selected.
17:42:07 INFO  : 'stop' command is executed.
17:42:09 INFO  : 'ps7_init' command is executed.
17:42:09 INFO  : 'ps7_post_config' command is executed.
17:42:09 INFO  : Context for processor 'ps7_cortexa9_0' is selected.
17:42:09 INFO  : Processor reset is completed for 'ps7_cortexa9_0'.
17:42:09 INFO  : Context for processor 'ps7_cortexa9_0' is selected.
17:42:09 ERROR : Memory write error at 0x100000. AP transaction timeout
17:42:09 INFO  : ----------------XSDB Script----------------
connect -url tcp:127.0.0.1:3121
source C:/Xilinx/MyS_workspace/Sumador/Sintesis/Sum_Systems.sdk/design_1_wrapper_hw_platform_0/ps7_init.tcl
targets -set -filter {jtag_cable_name =~ "Digilent Arty Z7 003017B7EDF5A" && level==0} -index 1
fpga -file C:/Xilinx/MyS_workspace/Sumador/Sintesis/Sum_Systems.sdk/design_1_wrapper_hw_platform_0/design_1_wrapper.bit
targets -set -nocase -filter {name =~"APU*" && jtag_cable_name =~ "Digilent Arty Z7 003017B7EDF5A"} -index 0
loadhw -hw C:/Xilinx/MyS_workspace/Sumador/Sintesis/Sum_Systems.sdk/design_1_wrapper_hw_platform_0/system.hdf -mem-ranges [list {0x40000000 0xbfffffff}]
configparams force-mem-access 1
targets -set -nocase -filter {name =~"APU*" && jtag_cable_name =~ "Digilent Arty Z7 003017B7EDF5A"} -index 0
stop
ps7_init
ps7_post_config
targets -set -nocase -filter {name =~ "ARM*#0" && jtag_cable_name =~ "Digilent Arty Z7 003017B7EDF5A"} -index 0
rst -processor
targets -set -nocase -filter {name =~ "ARM*#0" && jtag_cable_name =~ "Digilent Arty Z7 003017B7EDF5A"} -index 0
dow C:/Xilinx/MyS_workspace/Sumador/Sintesis/Sum_Systems.sdk/sum/Debug/sum.elf
----------------End of Script----------------

17:42:24 INFO  : Connected to target on host '127.0.0.1' and port '3121'.
17:42:25 INFO  : Jtag cable 'Digilent Arty Z7 003017B7EDF5A' is selected.
17:42:25 INFO  : 'jtag frequency' command is executed.
17:42:25 INFO  : Sourcing of 'C:/Xilinx/MyS_workspace/Sumador/Sintesis/Sum_Systems.sdk/design_1_wrapper_hw_platform_0/ps7_init.tcl' is done.
17:42:25 INFO  : 'targets -set -filter {jtag_cable_name =~ "Digilent Arty Z7 003017B7EDF5A" && level==0} -index 1' command is executed.
17:42:28 ERROR : fpga configuration failed. DONE PIN is not HIGH
17:42:28 ERROR : Exception occured while running Program FPGA.
java.lang.RuntimeException: fpga configuration failed. DONE PIN is not HIGH
17:42:28 INFO  : ----------------XSDB Script----------------
connect -url tcp:127.0.0.1:3121
source C:/Xilinx/MyS_workspace/Sumador/Sintesis/Sum_Systems.sdk/design_1_wrapper_hw_platform_0/ps7_init.tcl
----------------End of Script----------------

17:42:55 INFO  : Connected to target on host '127.0.0.1' and port '3121'.
17:42:56 INFO  : Jtag cable 'Digilent Arty Z7 003017B7EDF5A' is selected.
17:42:56 INFO  : 'jtag frequency' command is executed.
17:42:56 INFO  : Sourcing of 'C:/Xilinx/MyS_workspace/Sumador/Sintesis/Sum_Systems.sdk/design_1_wrapper_hw_platform_0/ps7_init.tcl' is done.
17:42:56 INFO  : 'targets -set -filter {jtag_cable_name =~ "Digilent Arty Z7 003017B7EDF5A" && level==0} -index 1' command is executed.
17:42:57 INFO  : FPGA configured successfully with bitstream "C:/Xilinx/MyS_workspace/Sumador/Sintesis/Sum_Systems.sdk/design_1_wrapper_hw_platform_0/design_1_wrapper.bit"
17:42:58 INFO  : Context for 'APU' is selected.
17:42:58 INFO  : Hardware design information is loaded from 'C:/Xilinx/MyS_workspace/Sumador/Sintesis/Sum_Systems.sdk/design_1_wrapper_hw_platform_0/system.hdf'.
17:42:58 INFO  : 'configparams force-mem-access 1' command is executed.
17:42:58 INFO  : Context for 'APU' is selected.
17:42:58 INFO  : 'stop' command is executed.
17:42:58 INFO  : 'ps7_init' command is executed.
17:42:58 INFO  : 'ps7_post_config' command is executed.
17:42:58 INFO  : Context for processor 'ps7_cortexa9_0' is selected.
17:42:58 INFO  : Processor reset is completed for 'ps7_cortexa9_0'.
17:42:58 INFO  : Context for processor 'ps7_cortexa9_0' is selected.
17:42:59 INFO  : The application 'C:/Xilinx/MyS_workspace/Sumador/Sintesis/Sum_Systems.sdk/sum/Debug/sum.elf' is downloaded to processor 'ps7_cortexa9_0'.
17:42:59 INFO  : 'configparams force-mem-access 0' command is executed.
17:42:59 INFO  : ----------------XSDB Script----------------
connect -url tcp:127.0.0.1:3121
source C:/Xilinx/MyS_workspace/Sumador/Sintesis/Sum_Systems.sdk/design_1_wrapper_hw_platform_0/ps7_init.tcl
targets -set -filter {jtag_cable_name =~ "Digilent Arty Z7 003017B7EDF5A" && level==0} -index 1
fpga -file C:/Xilinx/MyS_workspace/Sumador/Sintesis/Sum_Systems.sdk/design_1_wrapper_hw_platform_0/design_1_wrapper.bit
targets -set -nocase -filter {name =~"APU*" && jtag_cable_name =~ "Digilent Arty Z7 003017B7EDF5A"} -index 0
loadhw -hw C:/Xilinx/MyS_workspace/Sumador/Sintesis/Sum_Systems.sdk/design_1_wrapper_hw_platform_0/system.hdf -mem-ranges [list {0x40000000 0xbfffffff}]
configparams force-mem-access 1
targets -set -nocase -filter {name =~"APU*" && jtag_cable_name =~ "Digilent Arty Z7 003017B7EDF5A"} -index 0
stop
ps7_init
ps7_post_config
targets -set -nocase -filter {name =~ "ARM*#0" && jtag_cable_name =~ "Digilent Arty Z7 003017B7EDF5A"} -index 0
rst -processor
targets -set -nocase -filter {name =~ "ARM*#0" && jtag_cable_name =~ "Digilent Arty Z7 003017B7EDF5A"} -index 0
dow C:/Xilinx/MyS_workspace/Sumador/Sintesis/Sum_Systems.sdk/sum/Debug/sum.elf
configparams force-mem-access 0
----------------End of Script----------------

17:42:59 INFO  : Memory regions updated for context APU
17:42:59 INFO  : Context for processor 'ps7_cortexa9_0' is selected.
17:42:59 INFO  : 'con' command is executed.
17:42:59 INFO  : ----------------XSDB Script (After Launch)----------------
targets -set -nocase -filter {name =~ "ARM*#0" && jtag_cable_name =~ "Digilent Arty Z7 003017B7EDF5A"} -index 0
con
----------------End of Script----------------

17:42:59 INFO  : Launch script is exported to file 'C:\Xilinx\MyS_workspace\Sumador\Sintesis\Sum_Systems.sdk\.sdk\launch_scripts\xilinx_c-c++_application_(system_debugger)\system_debugger_using_debug_sum.elf_on_local.tcl'
17:44:17 INFO  : Disconnected from the channel tcfchan#1.
17:44:18 INFO  : Connected to target on host '127.0.0.1' and port '3121'.
17:44:19 INFO  : Jtag cable 'Digilent Arty Z7 003017B7EDF5A' is selected.
17:44:19 INFO  : 'jtag frequency' command is executed.
17:44:19 INFO  : Sourcing of 'C:/Xilinx/MyS_workspace/Sumador/Sintesis/Sum_Systems.sdk/design_1_wrapper_hw_platform_0/ps7_init.tcl' is done.
17:44:19 INFO  : 'targets -set -filter {jtag_cable_name =~ "Digilent Arty Z7 003017B7EDF5A" && level==0} -index 1' command is executed.
17:44:20 INFO  : FPGA configured successfully with bitstream "C:/Xilinx/MyS_workspace/Sumador/Sintesis/Sum_Systems.sdk/design_1_wrapper_hw_platform_0/design_1_wrapper.bit"
17:44:20 INFO  : Context for 'APU' is selected.
17:44:22 INFO  : Hardware design information is loaded from 'C:/Xilinx/MyS_workspace/Sumador/Sintesis/Sum_Systems.sdk/design_1_wrapper_hw_platform_0/system.hdf'.
17:44:22 INFO  : 'configparams force-mem-access 1' command is executed.
17:44:22 INFO  : Context for 'APU' is selected.
17:44:23 INFO  : 'stop' command is executed.
17:44:23 INFO  : 'ps7_init' command is executed.
17:44:23 INFO  : 'ps7_post_config' command is executed.
17:44:23 INFO  : Context for processor 'ps7_cortexa9_0' is selected.
17:44:23 INFO  : Processor reset is completed for 'ps7_cortexa9_0'.
17:44:23 INFO  : Context for processor 'ps7_cortexa9_0' is selected.
17:44:23 INFO  : The application 'C:/Xilinx/MyS_workspace/Sumador/Sintesis/Sum_Systems.sdk/sum/Debug/sum.elf' is downloaded to processor 'ps7_cortexa9_0'.
17:44:23 INFO  : 'configparams force-mem-access 0' command is executed.
17:44:23 INFO  : ----------------XSDB Script----------------
connect -url tcp:127.0.0.1:3121
source C:/Xilinx/MyS_workspace/Sumador/Sintesis/Sum_Systems.sdk/design_1_wrapper_hw_platform_0/ps7_init.tcl
targets -set -filter {jtag_cable_name =~ "Digilent Arty Z7 003017B7EDF5A" && level==0} -index 1
fpga -file C:/Xilinx/MyS_workspace/Sumador/Sintesis/Sum_Systems.sdk/design_1_wrapper_hw_platform_0/design_1_wrapper.bit
targets -set -nocase -filter {name =~"APU*" && jtag_cable_name =~ "Digilent Arty Z7 003017B7EDF5A"} -index 0
loadhw -hw C:/Xilinx/MyS_workspace/Sumador/Sintesis/Sum_Systems.sdk/design_1_wrapper_hw_platform_0/system.hdf -mem-ranges [list {0x40000000 0xbfffffff}]
configparams force-mem-access 1
targets -set -nocase -filter {name =~"APU*" && jtag_cable_name =~ "Digilent Arty Z7 003017B7EDF5A"} -index 0
stop
ps7_init
ps7_post_config
targets -set -nocase -filter {name =~ "ARM*#0" && jtag_cable_name =~ "Digilent Arty Z7 003017B7EDF5A"} -index 0
rst -processor
targets -set -nocase -filter {name =~ "ARM*#0" && jtag_cable_name =~ "Digilent Arty Z7 003017B7EDF5A"} -index 0
dow C:/Xilinx/MyS_workspace/Sumador/Sintesis/Sum_Systems.sdk/sum/Debug/sum.elf
configparams force-mem-access 0
----------------End of Script----------------

17:44:24 INFO  : Memory regions updated for context APU
17:44:24 INFO  : Context for processor 'ps7_cortexa9_0' is selected.
17:44:24 INFO  : 'con' command is executed.
17:44:24 INFO  : ----------------XSDB Script (After Launch)----------------
targets -set -nocase -filter {name =~ "ARM*#0" && jtag_cable_name =~ "Digilent Arty Z7 003017B7EDF5A"} -index 0
con
----------------End of Script----------------

17:44:24 INFO  : Launch script is exported to file 'C:\Xilinx\MyS_workspace\Sumador\Sintesis\Sum_Systems.sdk\.sdk\launch_scripts\xilinx_c-c++_application_(system_debugger)\system_debugger_using_debug_sum.elf_on_local.tcl'
17:45:47 INFO  : Disconnected from the channel tcfchan#2.
17:45:48 INFO  : Connected to target on host '127.0.0.1' and port '3121'.
17:45:49 INFO  : Jtag cable 'Digilent Arty Z7 003017B7EDF5A' is selected.
17:45:49 INFO  : 'jtag frequency' command is executed.
17:45:49 INFO  : Sourcing of 'C:/Xilinx/MyS_workspace/Sumador/Sintesis/Sum_Systems.sdk/design_1_wrapper_hw_platform_0/ps7_init.tcl' is done.
17:45:49 INFO  : 'targets -set -filter {jtag_cable_name =~ "Digilent Arty Z7 003017B7EDF5A" && level==0} -index 1' command is executed.
17:45:50 INFO  : FPGA configured successfully with bitstream "C:/Xilinx/MyS_workspace/Sumador/Sintesis/Sum_Systems.sdk/design_1_wrapper_hw_platform_0/design_1_wrapper.bit"
17:45:50 INFO  : Context for 'APU' is selected.
17:45:50 INFO  : Hardware design information is loaded from 'C:/Xilinx/MyS_workspace/Sumador/Sintesis/Sum_Systems.sdk/design_1_wrapper_hw_platform_0/system.hdf'.
17:45:50 INFO  : 'configparams force-mem-access 1' command is executed.
17:45:51 INFO  : Context for 'APU' is selected.
17:45:51 INFO  : 'stop' command is executed.
17:45:51 INFO  : 'ps7_init' command is executed.
17:45:51 INFO  : 'ps7_post_config' command is executed.
17:45:51 INFO  : Context for processor 'ps7_cortexa9_0' is selected.
17:45:51 INFO  : Processor reset is completed for 'ps7_cortexa9_0'.
17:45:51 INFO  : Context for processor 'ps7_cortexa9_0' is selected.
17:45:51 INFO  : The application 'C:/Xilinx/MyS_workspace/Sumador/Sintesis/Sum_Systems.sdk/sum/Debug/sum.elf' is downloaded to processor 'ps7_cortexa9_0'.
17:45:51 INFO  : 'configparams force-mem-access 0' command is executed.
17:45:51 INFO  : ----------------XSDB Script----------------
connect -url tcp:127.0.0.1:3121
source C:/Xilinx/MyS_workspace/Sumador/Sintesis/Sum_Systems.sdk/design_1_wrapper_hw_platform_0/ps7_init.tcl
targets -set -filter {jtag_cable_name =~ "Digilent Arty Z7 003017B7EDF5A" && level==0} -index 1
fpga -file C:/Xilinx/MyS_workspace/Sumador/Sintesis/Sum_Systems.sdk/design_1_wrapper_hw_platform_0/design_1_wrapper.bit
targets -set -nocase -filter {name =~"APU*" && jtag_cable_name =~ "Digilent Arty Z7 003017B7EDF5A"} -index 0
loadhw -hw C:/Xilinx/MyS_workspace/Sumador/Sintesis/Sum_Systems.sdk/design_1_wrapper_hw_platform_0/system.hdf -mem-ranges [list {0x40000000 0xbfffffff}]
configparams force-mem-access 1
targets -set -nocase -filter {name =~"APU*" && jtag_cable_name =~ "Digilent Arty Z7 003017B7EDF5A"} -index 0
stop
ps7_init
ps7_post_config
targets -set -nocase -filter {name =~ "ARM*#0" && jtag_cable_name =~ "Digilent Arty Z7 003017B7EDF5A"} -index 0
rst -processor
targets -set -nocase -filter {name =~ "ARM*#0" && jtag_cable_name =~ "Digilent Arty Z7 003017B7EDF5A"} -index 0
dow C:/Xilinx/MyS_workspace/Sumador/Sintesis/Sum_Systems.sdk/sum/Debug/sum.elf
configparams force-mem-access 0
----------------End of Script----------------

17:45:51 INFO  : Memory regions updated for context APU
17:45:51 INFO  : Context for processor 'ps7_cortexa9_0' is selected.
17:45:52 INFO  : 'con' command is executed.
17:45:52 INFO  : ----------------XSDB Script (After Launch)----------------
targets -set -nocase -filter {name =~ "ARM*#0" && jtag_cable_name =~ "Digilent Arty Z7 003017B7EDF5A"} -index 0
con
----------------End of Script----------------

17:45:52 INFO  : Launch script is exported to file 'C:\Xilinx\MyS_workspace\Sumador\Sintesis\Sum_Systems.sdk\.sdk\launch_scripts\xilinx_c-c++_application_(system_debugger)\system_debugger_using_debug_sum.elf_on_local.tcl'
17:46:15 INFO  : Disconnected from the channel tcfchan#3.
17:46:16 INFO  : Connected to target on host '127.0.0.1' and port '3121'.
17:46:16 INFO  : Jtag cable 'Digilent Arty Z7 003017B7EDF5A' is selected.
17:46:17 INFO  : 'jtag frequency' command is executed.
17:46:17 INFO  : Sourcing of 'C:/Xilinx/MyS_workspace/Sumador/Sintesis/Sum_Systems.sdk/design_1_wrapper_hw_platform_0/ps7_init.tcl' is done.
17:46:17 INFO  : 'targets -set -filter {jtag_cable_name =~ "Digilent Arty Z7 003017B7EDF5A" && level==0} -index 1' command is executed.
17:46:18 INFO  : FPGA configured successfully with bitstream "C:/Xilinx/MyS_workspace/Sumador/Sintesis/Sum_Systems.sdk/design_1_wrapper_hw_platform_0/design_1_wrapper.bit"
17:46:18 INFO  : Context for 'APU' is selected.
17:46:18 INFO  : Hardware design information is loaded from 'C:/Xilinx/MyS_workspace/Sumador/Sintesis/Sum_Systems.sdk/design_1_wrapper_hw_platform_0/system.hdf'.
17:46:18 INFO  : 'configparams force-mem-access 1' command is executed.
17:46:18 INFO  : Context for 'APU' is selected.
17:46:18 INFO  : 'stop' command is executed.
17:46:19 INFO  : 'ps7_init' command is executed.
17:46:19 INFO  : 'ps7_post_config' command is executed.
17:46:19 INFO  : Context for processor 'ps7_cortexa9_0' is selected.
17:46:19 INFO  : Processor reset is completed for 'ps7_cortexa9_0'.
17:46:19 INFO  : Context for processor 'ps7_cortexa9_0' is selected.
17:46:19 INFO  : The application 'C:/Xilinx/MyS_workspace/Sumador/Sintesis/Sum_Systems.sdk/sum/Debug/sum.elf' is downloaded to processor 'ps7_cortexa9_0'.
17:46:19 INFO  : 'configparams force-mem-access 0' command is executed.
17:46:19 INFO  : ----------------XSDB Script----------------
connect -url tcp:127.0.0.1:3121
source C:/Xilinx/MyS_workspace/Sumador/Sintesis/Sum_Systems.sdk/design_1_wrapper_hw_platform_0/ps7_init.tcl
targets -set -filter {jtag_cable_name =~ "Digilent Arty Z7 003017B7EDF5A" && level==0} -index 1
fpga -file C:/Xilinx/MyS_workspace/Sumador/Sintesis/Sum_Systems.sdk/design_1_wrapper_hw_platform_0/design_1_wrapper.bit
targets -set -nocase -filter {name =~"APU*" && jtag_cable_name =~ "Digilent Arty Z7 003017B7EDF5A"} -index 0
loadhw -hw C:/Xilinx/MyS_workspace/Sumador/Sintesis/Sum_Systems.sdk/design_1_wrapper_hw_platform_0/system.hdf -mem-ranges [list {0x40000000 0xbfffffff}]
configparams force-mem-access 1
targets -set -nocase -filter {name =~"APU*" && jtag_cable_name =~ "Digilent Arty Z7 003017B7EDF5A"} -index 0
stop
ps7_init
ps7_post_config
targets -set -nocase -filter {name =~ "ARM*#0" && jtag_cable_name =~ "Digilent Arty Z7 003017B7EDF5A"} -index 0
rst -processor
targets -set -nocase -filter {name =~ "ARM*#0" && jtag_cable_name =~ "Digilent Arty Z7 003017B7EDF5A"} -index 0
dow C:/Xilinx/MyS_workspace/Sumador/Sintesis/Sum_Systems.sdk/sum/Debug/sum.elf
configparams force-mem-access 0
----------------End of Script----------------

17:46:19 INFO  : Memory regions updated for context APU
17:46:19 INFO  : Context for processor 'ps7_cortexa9_0' is selected.
17:46:19 INFO  : 'con' command is executed.
17:46:19 INFO  : ----------------XSDB Script (After Launch)----------------
targets -set -nocase -filter {name =~ "ARM*#0" && jtag_cable_name =~ "Digilent Arty Z7 003017B7EDF5A"} -index 0
con
----------------End of Script----------------

17:46:19 INFO  : Launch script is exported to file 'C:\Xilinx\MyS_workspace\Sumador\Sintesis\Sum_Systems.sdk\.sdk\launch_scripts\xilinx_c-c++_application_(system_debugger)\system_debugger_using_debug_sum.elf_on_local.tcl'
17:46:54 INFO  : Disconnected from the channel tcfchan#4.
17:46:55 INFO  : Connected to target on host '127.0.0.1' and port '3121'.
17:46:55 INFO  : Jtag cable 'Digilent Arty Z7 003017B7EDF5A' is selected.
17:46:55 INFO  : 'jtag frequency' command is executed.
17:46:55 INFO  : Sourcing of 'C:/Xilinx/MyS_workspace/Sumador/Sintesis/Sum_Systems.sdk/design_1_wrapper_hw_platform_0/ps7_init.tcl' is done.
17:46:55 INFO  : 'targets -set -filter {jtag_cable_name =~ "Digilent Arty Z7 003017B7EDF5A" && level==0} -index 1' command is executed.
17:46:57 INFO  : FPGA configured successfully with bitstream "C:/Xilinx/MyS_workspace/Sumador/Sintesis/Sum_Systems.sdk/design_1_wrapper_hw_platform_0/design_1_wrapper.bit"
17:46:57 INFO  : Context for 'APU' is selected.
17:46:57 INFO  : Hardware design information is loaded from 'C:/Xilinx/MyS_workspace/Sumador/Sintesis/Sum_Systems.sdk/design_1_wrapper_hw_platform_0/system.hdf'.
17:46:57 INFO  : 'configparams force-mem-access 1' command is executed.
17:46:57 INFO  : Context for 'APU' is selected.
17:46:57 INFO  : 'stop' command is executed.
17:46:57 INFO  : 'ps7_init' command is executed.
17:46:57 INFO  : 'ps7_post_config' command is executed.
17:46:57 INFO  : Context for processor 'ps7_cortexa9_0' is selected.
17:46:58 INFO  : Processor reset is completed for 'ps7_cortexa9_0'.
17:46:58 INFO  : Context for processor 'ps7_cortexa9_0' is selected.
17:46:58 INFO  : The application 'C:/Xilinx/MyS_workspace/Sumador/Sintesis/Sum_Systems.sdk/sum/Debug/sum.elf' is downloaded to processor 'ps7_cortexa9_0'.
17:46:58 INFO  : 'configparams force-mem-access 0' command is executed.
17:46:58 INFO  : ----------------XSDB Script----------------
connect -url tcp:127.0.0.1:3121
source C:/Xilinx/MyS_workspace/Sumador/Sintesis/Sum_Systems.sdk/design_1_wrapper_hw_platform_0/ps7_init.tcl
targets -set -filter {jtag_cable_name =~ "Digilent Arty Z7 003017B7EDF5A" && level==0} -index 1
fpga -file C:/Xilinx/MyS_workspace/Sumador/Sintesis/Sum_Systems.sdk/design_1_wrapper_hw_platform_0/design_1_wrapper.bit
targets -set -nocase -filter {name =~"APU*" && jtag_cable_name =~ "Digilent Arty Z7 003017B7EDF5A"} -index 0
loadhw -hw C:/Xilinx/MyS_workspace/Sumador/Sintesis/Sum_Systems.sdk/design_1_wrapper_hw_platform_0/system.hdf -mem-ranges [list {0x40000000 0xbfffffff}]
configparams force-mem-access 1
targets -set -nocase -filter {name =~"APU*" && jtag_cable_name =~ "Digilent Arty Z7 003017B7EDF5A"} -index 0
stop
ps7_init
ps7_post_config
targets -set -nocase -filter {name =~ "ARM*#0" && jtag_cable_name =~ "Digilent Arty Z7 003017B7EDF5A"} -index 0
rst -processor
targets -set -nocase -filter {name =~ "ARM*#0" && jtag_cable_name =~ "Digilent Arty Z7 003017B7EDF5A"} -index 0
dow C:/Xilinx/MyS_workspace/Sumador/Sintesis/Sum_Systems.sdk/sum/Debug/sum.elf
configparams force-mem-access 0
----------------End of Script----------------

17:46:58 INFO  : Memory regions updated for context APU
17:46:58 INFO  : Context for processor 'ps7_cortexa9_0' is selected.
17:46:58 INFO  : 'con' command is executed.
17:46:58 INFO  : ----------------XSDB Script (After Launch)----------------
targets -set -nocase -filter {name =~ "ARM*#0" && jtag_cable_name =~ "Digilent Arty Z7 003017B7EDF5A"} -index 0
con
----------------End of Script----------------

17:46:58 INFO  : Launch script is exported to file 'C:\Xilinx\MyS_workspace\Sumador\Sintesis\Sum_Systems.sdk\.sdk\launch_scripts\xilinx_c-c++_application_(system_debugger)\system_debugger_using_debug_sum.elf_on_local.tcl'
17:47:05 INFO  : Disconnected from the channel tcfchan#5.
